        -:    0:Source:Field.cpp
        -:    0:Graph:Field.gcno
        -:    0:Data:Field.gcda
        -:    0:Runs:1
        -:    0:Programs:1
        -:    1:#include "Field.h"
        -:    2:#include <iostream>
        -:    3:#include <vector>
        -:    4:
        -:    5:/**
        -:    6: * Constructor creates a 10x10 grid with no mines
        -:    7:**/
function _ZN5FieldC2Ev called 6 returned 100% blocks executed 86%
        6:    8: Field::Field()
call    0 returned 100%
call    1 never executed
        -:    9: {
        6:   10: 	_map.resize(FIELD_DIMENSION);
call    0 returned 100%
branch  1 taken 100% (fallthrough)
branch  2 taken 0% (throw)
call    3 returned 100%
branch  4 taken 100% (fallthrough)
branch  5 taken 0% (throw)
call    6 returned 100%
branch  7 taken 100% (fallthrough)
branch  8 taken 0% (throw)
call    9 never executed
       66:   11: 	for(unsigned int i=0; i < _map.size(); i++)
call    0 returned 100%
branch  1 taken 91% (fallthrough)
branch  2 taken 9%
        -:   12: 	{
       60:   13: 		_map[i].resize(FIELD_DIMENSION);
call    0 returned 100%
call    1 returned 100%
branch  2 taken 100% (fallthrough)
branch  3 taken 0% (throw)
      660:   14: 		for(unsigned int j=0; j < _map[i].size(); j++)
call    0 returned 100%
call    1 returned 100%
branch  2 taken 91% (fallthrough)
branch  3 taken 9%
        -:   15: 		{
      600:   16: 			_map[i][j] = EMPTY_HIDDEN;
call    0 returned 100%
call    1 returned 100%
        -:   17: 		}
        -:   18: 	}
        6:   19: }
        -:   20:
        -:   21: /**
        -:   22:  * Places a mine at the x,y coordinate in the field
        -:   23: **/
function _ZN5Field9placeMineEii called 13 returned 100% blocks executed 78%
       13:   24: void Field::placeMine(int x, int y)
        -:   25: {
       13:   26: 	if(x < 0 || x >= FIELD_DIMENSION || y < 0 || y >= FIELD_DIMENSION)
branch  0 taken 100% (fallthrough)
branch  1 taken 0%
branch  2 taken 100% (fallthrough)
branch  3 taken 0%
branch  4 taken 100% (fallthrough)
branch  5 taken 0%
branch  6 taken 0% (fallthrough)
branch  7 taken 100%
        -:   27: 	{
    #####:   28: 		throw "Out of bounds";
call    0 never executed
call    1 never executed
        -:   29: 	}
        -:   30: 	else
       13:   31: 		_map[x][y] = MINE_HIDDEN;
call    0 returned 100%
call    1 returned 100%
       13:   32: }
        -:   33:
        -:   34:/**
        -:   35: * Retrieves the state of the field at location (x,y)
        -:   36:**/
function _ZN5Field3getEii called 10 returned 100% blocks executed 80%
       10:   37:FieldType Field::get(int x, int y)
        -:   38:{
       10:   39:	if(x < 0 || x >= FIELD_DIMENSION || y < 0 || y >= FIELD_DIMENSION)
branch  0 taken 100% (fallthrough)
branch  1 taken 0%
branch  2 taken 100% (fallthrough)
branch  3 taken 0%
branch  4 taken 100% (fallthrough)
branch  5 taken 0%
branch  6 taken 0% (fallthrough)
branch  7 taken 100%
        -:   40: 	{
    #####:   41: 		throw "Out of bounds";
call    0 never executed
call    1 never executed
        -:   42: 	}
        -:   43: 	else
       10:   44: 		return _map[x][y];
call    0 returned 100%
call    1 returned 100%
        -:   45:}
        -:   46:
        -:   47:/**
        -:   48: * Returns whether or not _map at (x,y) has a mine and throws an
        -:   49: * exception if the location is illegal
        -:   50:**/
function _ZN5Field6isSafeEii called 3 returned 67% blocks executed 100%
        3:   51: bool Field::isSafe(int x, int y)
        -:   52: {
        3:   53: 	if(x < 0 || x >= FIELD_DIMENSION || y < 0 || y >= FIELD_DIMENSION)
branch  0 taken 67% (fallthrough)
branch  1 taken 33%
branch  2 taken 100% (fallthrough)
branch  3 taken 0%
branch  4 taken 100% (fallthrough)
branch  5 taken 0%
branch  6 taken 0% (fallthrough)
branch  7 taken 100%
        -:   54: 	{
        1:   55: 		throw "Out of bounds";
call    0 returned 100%
call    1 returned 0%
        -:   56: 	}
        2:   57: 	return _map[x][y] != MINE_HIDDEN && _map[x][y] != MINE_SHOWN;
call    0 returned 100%
call    1 returned 100%
branch  2 taken 50% (fallthrough)
branch  3 taken 50%
call    4 returned 100%
call    5 returned 100%
branch  6 taken 100% (fallthrough)
branch  7 taken 0%
        -:   58: }
        -:   59:
        -:   60:/**
        -:   61: * Changes the location from EMPTY_HIDDEN to EMPTY_SHOWN for the 
        -:   62: * location and any valid locations adjacent (immediately above,
        -:   63: * below, left, or right as printed) to the provided (x,y) location
        -:   64:**/
function _ZN5Field14revealAdjacentEii called 722 returned 100% blocks executed 100%
      722:   65:void Field::revealAdjacent(int x, int y)
        -:   66:{
     1434:   67:	if( x < 0 || x >= FIELD_DIMENSION || y < 0 || y >= FIELD_DIMENSION 
branch  0 taken 97% (fallthrough)
branch  1 taken 3%
branch  2 taken 97% (fallthrough)
branch  3 taken 3%
branch  4 taken 97% (fallthrough)
branch  5 taken 3%
branch  6 taken 11% (fallthrough)
branch  7 taken 89%
     1378:   68:		|| _map[x][y] == MINE_HIDDEN || _map[x][y] == MINE_SHOWN )
branch  0 taken 99% (fallthrough)
branch  1 taken 1%
call    2 returned 100%
call    3 returned 100%
branch  4 taken 98% (fallthrough)
branch  5 taken 2%
call    6 returned 100%
call    7 returned 100%
branch  8 taken 0% (fallthrough)
branch  9 taken 100%
        -:   69:	{
       76:   70:		return;
        -:   71:	}
      646:   72:	else if( _map[x][y] == EMPTY_HIDDEN )
call    0 returned 100%
call    1 returned 100%
branch  2 taken 28% (fallthrough)
branch  3 taken 72%
        -:   73:	{
      180:   74:		_map[x][y] = EMPTY_SHOWN;
call    0 returned 100%
call    1 returned 100%
      180:   75:		revealAdjacent(x-1,y);
call    0 returned 100%
      180:   76:		revealAdjacent(x,y-1);
call    0 returned 100%
      180:   77:		revealAdjacent(x+1,y);
call    0 returned 100%
      180:   78:		revealAdjacent(x,y+1);
call    0 returned 100%
        -:   79:	}
function _GLOBAL__sub_I__ZN5FieldC2Ev called 1 returned 100% blocks executed 100%
function _Z41__static_initialization_and_destruction_0ii called 1 returned 100% blocks executed 100%
        3:   80:}
call    0 returned 100%
branch  1 taken 100% (fallthrough)
branch  2 taken 0%
branch  3 taken 100% (fallthrough)
branch  4 taken 0%
